<?xml version="1.0" encoding="UTF-8"?>
<testsuite name="runoff.Main" tests="1" skipped="0" failures="0" errors="0" timestamp="2018-03-12T21:59:32" hostname="nibble" time="0.102">
  <properties/>
  <testcase name="execute" classname="runoff.Main" time="0.102"/>
  <system-out><![CDATA[new object
merge
0.9878500464399174
1.995452619313588
2.9833026657535053
]]></system-out>
  <system-err><![CDATA[]]></system-err>
</testsuite>
